  SFML.cpp
C:\Users\USER\Desktop\finale\SFML\SFML\SFML.cpp(262,9): warning C4101: 'a' : variable locale non référencée
C:\Users\USER\Desktop\finale\SFML\SFML\SFML.cpp(263,12): warning C4101: 'j1' : variable locale non référencée
C:\Users\USER\Desktop\finale\SFML\SFML\SFML.cpp(262,12): warning C4101: 'b' : variable locale non référencée
C:\Users\USER\Desktop\finale\SFML\SFML\SFML.cpp(263,9): warning C4101: 'j' : variable locale non référencée
C:\Users\USER\Desktop\finale\SFML\SFML\SFML.cpp(261,9): warning C4101: 'i' : variable locale non référencée
C:\Users\USER\Desktop\finale\SFML\SFML\SFML.cpp(261,12): warning C4101: 'i1' : variable locale non référencée
C:\Users\USER\Desktop\finale\SFML\SFML\SFML.cpp(404,9): warning C4101: 'a' : variable locale non référencée
C:\Users\USER\Desktop\finale\SFML\SFML\SFML.cpp(405,9): warning C4101: 'b' : variable locale non référencée
C:\Users\USER\Desktop\finale\SFML\SFML\SFML.cpp(1143,35): warning C4244: 'argument' : conversion de 'float' en 'T', perte possible de données
          with
          [
              T=int
          ]
C:\Users\USER\Desktop\finale\SFML\SFML\SFML.cpp(1143,28): warning C4244: 'argument' : conversion de 'float' en 'T', perte possible de données
          with
          [
              T=int
          ]
C:\Users\USER\Desktop\finale\SFML\SFML\SFML.cpp(1349,47): warning C4018: '<' : incompatibilité signed/unsigned
C:\Users\USER\Desktop\finale\SFML\SFML\SFML.cpp(1802,54): warning C4244: 'argument' : conversion de 'int' en 'float', perte possible de données
C:\Users\USER\Desktop\finale\SFML\SFML\SFML.cpp(1802,50): warning C4244: 'argument' : conversion de 'int' en 'float', perte possible de données
C:\Users\USER\Desktop\finale\SFML\SFML\SFML.cpp(1804,59): warning C4244: '=' : conversion de 'const T' en 'int', perte possible de données
          with
          [
              T=float
          ]
C:\Users\USER\Desktop\finale\SFML\SFML\SFML.cpp(1805,59): warning C4244: '=' : conversion de 'const T' en 'int', perte possible de données
          with
          [
              T=float
          ]
C:\Users\USER\Desktop\finale\SFML\SFML\SFML.cpp(1806,68): warning C4244: 'argument' : conversion de 'int' en 'T', perte possible de données
          with
          [
              T=float
          ]
C:\Users\USER\Desktop\finale\SFML\SFML\SFML.cpp(1806,59): warning C4244: 'argument' : conversion de 'int' en 'T', perte possible de données
          with
          [
              T=float
          ]
C:\Users\USER\Desktop\finale\SFML\SFML\SFML.cpp(1807,58): warning C4244: '=' : conversion de 'const T' en 'int', perte possible de données
          with
          [
              T=float
          ]
C:\Users\USER\Desktop\finale\SFML\SFML\SFML.cpp(1808,58): warning C4244: '=' : conversion de 'const T' en 'int', perte possible de données
          with
          [
              T=float
          ]
C:\Users\USER\Desktop\finale\SFML\SFML\SFML.cpp(1809,69): warning C4244: 'argument' : conversion de 'int' en 'T', perte possible de données
          with
          [
              T=float
          ]
C:\Users\USER\Desktop\finale\SFML\SFML\SFML.cpp(1809,60): warning C4244: 'argument' : conversion de 'int' en 'T', perte possible de données
          with
          [
              T=float
          ]
C:\Users\USER\Desktop\finale\SFML\SFML\SFML.cpp(1814,64): warning C4244: '=' : conversion de 'const T' en 'int', perte possible de données
          with
          [
              T=float
          ]
C:\Users\USER\Desktop\finale\SFML\SFML\SFML.cpp(1815,64): warning C4244: '=' : conversion de 'const T' en 'int', perte possible de données
          with
          [
              T=float
          ]
C:\Users\USER\Desktop\finale\SFML\SFML\SFML.cpp(1816,79): warning C4244: 'argument' : conversion de 'int' en 'T', perte possible de données
          with
          [
              T=float
          ]
C:\Users\USER\Desktop\finale\SFML\SFML\SFML.cpp(1816,68): warning C4244: 'argument' : conversion de 'int' en 'T', perte possible de données
          with
          [
              T=float
          ]
C:\Users\USER\Desktop\finale\SFML\SFML\SFML.cpp(1844,65): warning C4244: '=' : conversion de 'const T' en 'int', perte possible de données
          with
          [
              T=float
          ]
C:\Users\USER\Desktop\finale\SFML\SFML\SFML.cpp(1845,65): warning C4244: '=' : conversion de 'const T' en 'int', perte possible de données
          with
          [
              T=float
          ]
C:\Users\USER\Desktop\finale\SFML\SFML\SFML.cpp(1846,79): warning C4244: 'argument' : conversion de 'int' en 'T', perte possible de données
          with
          [
              T=float
          ]
C:\Users\USER\Desktop\finale\SFML\SFML\SFML.cpp(1846,67): warning C4244: 'argument' : conversion de 'int' en 'T', perte possible de données
          with
          [
              T=float
          ]
C:\Users\USER\Desktop\finale\SFML\SFML\SFML.cpp(1881,54): warning C4244: 'argument' : conversion de 'int' en 'float', perte possible de données
C:\Users\USER\Desktop\finale\SFML\SFML\SFML.cpp(1881,50): warning C4244: 'argument' : conversion de 'int' en 'float', perte possible de données
C:\Users\USER\Desktop\finale\SFML\SFML\SFML.cpp(1883,59): warning C4244: '=' : conversion de 'const T' en 'int', perte possible de données
          with
          [
              T=float
          ]
C:\Users\USER\Desktop\finale\SFML\SFML\SFML.cpp(1884,59): warning C4244: '=' : conversion de 'const T' en 'int', perte possible de données
          with
          [
              T=float
          ]
C:\Users\USER\Desktop\finale\SFML\SFML\SFML.cpp(1885,68): warning C4244: 'argument' : conversion de 'int' en 'T', perte possible de données
          with
          [
              T=float
          ]
C:\Users\USER\Desktop\finale\SFML\SFML\SFML.cpp(1885,59): warning C4244: 'argument' : conversion de 'int' en 'T', perte possible de données
          with
          [
              T=float
          ]
C:\Users\USER\Desktop\finale\SFML\SFML\SFML.cpp(1886,58): warning C4244: '=' : conversion de 'const T' en 'int', perte possible de données
          with
          [
              T=float
          ]
C:\Users\USER\Desktop\finale\SFML\SFML\SFML.cpp(1887,58): warning C4244: '=' : conversion de 'const T' en 'int', perte possible de données
          with
          [
              T=float
          ]
C:\Users\USER\Desktop\finale\SFML\SFML\SFML.cpp(1888,69): warning C4244: 'argument' : conversion de 'int' en 'T', perte possible de données
          with
          [
              T=float
          ]
C:\Users\USER\Desktop\finale\SFML\SFML\SFML.cpp(1888,60): warning C4244: 'argument' : conversion de 'int' en 'T', perte possible de données
          with
          [
              T=float
          ]
C:\Users\USER\Desktop\finale\SFML\SFML\SFML.cpp(1900,64): warning C4244: '=' : conversion de 'const T' en 'int', perte possible de données
          with
          [
              T=float
          ]
C:\Users\USER\Desktop\finale\SFML\SFML\SFML.cpp(1901,64): warning C4244: '=' : conversion de 'const T' en 'int', perte possible de données
          with
          [
              T=float
          ]
C:\Users\USER\Desktop\finale\SFML\SFML\SFML.cpp(1902,79): warning C4244: 'argument' : conversion de 'int' en 'T', perte possible de données
          with
          [
              T=float
          ]
C:\Users\USER\Desktop\finale\SFML\SFML\SFML.cpp(1902,68): warning C4244: 'argument' : conversion de 'int' en 'T', perte possible de données
          with
          [
              T=float
          ]
C:\Users\USER\Desktop\finale\SFML\SFML\SFML.cpp(1928,65): warning C4244: '=' : conversion de 'const T' en 'int', perte possible de données
          with
          [
              T=float
          ]
C:\Users\USER\Desktop\finale\SFML\SFML\SFML.cpp(1929,65): warning C4244: '=' : conversion de 'const T' en 'int', perte possible de données
          with
          [
              T=float
          ]
C:\Users\USER\Desktop\finale\SFML\SFML\SFML.cpp(1930,79): warning C4244: 'argument' : conversion de 'int' en 'T', perte possible de données
          with
          [
              T=float
          ]
C:\Users\USER\Desktop\finale\SFML\SFML\SFML.cpp(1930,67): warning C4244: 'argument' : conversion de 'int' en 'T', perte possible de données
          with
          [
              T=float
          ]
  Génération de code en cours
  1 of 390 functions ( 0.3%) were compiled, the rest were copied from previous compilation.
    0 functions were new in current compilation
    0 functions had inline decision re-evaluated but remain unchanged
  Fin de la génération du code
  SFML.vcxproj -> C:\Users\USER\Desktop\finale\SFML\Release\SFML.exe
