  SFML.cpp
C:\Users\USER\Desktop\finale\SFML\SFML\SFML.cpp(261,9): warning C4101: 'a' : variable locale non référencée
C:\Users\USER\Desktop\finale\SFML\SFML\SFML.cpp(262,12): warning C4101: 'j1' : variable locale non référencée
C:\Users\USER\Desktop\finale\SFML\SFML\SFML.cpp(261,12): warning C4101: 'b' : variable locale non référencée
C:\Users\USER\Desktop\finale\SFML\SFML\SFML.cpp(262,9): warning C4101: 'j' : variable locale non référencée
C:\Users\USER\Desktop\finale\SFML\SFML\SFML.cpp(260,9): warning C4101: 'i' : variable locale non référencée
C:\Users\USER\Desktop\finale\SFML\SFML\SFML.cpp(260,12): warning C4101: 'i1' : variable locale non référencée
C:\Users\USER\Desktop\finale\SFML\SFML\SFML.cpp(403,9): warning C4101: 'a' : variable locale non référencée
C:\Users\USER\Desktop\finale\SFML\SFML\SFML.cpp(404,9): warning C4101: 'b' : variable locale non référencée
C:\Users\USER\Desktop\finale\SFML\SFML\SFML.cpp(1141,35): warning C4244: 'argument' : conversion de 'float' en 'T', perte possible de données
          with
          [
              T=int
          ]
C:\Users\USER\Desktop\finale\SFML\SFML\SFML.cpp(1141,28): warning C4244: 'argument' : conversion de 'float' en 'T', perte possible de données
          with
          [
              T=int
          ]
C:\Users\USER\Desktop\finale\SFML\SFML\SFML.cpp(1346,47): warning C4018: '<' : incompatibilité signed/unsigned
C:\Users\USER\Desktop\finale\SFML\SFML\SFML.cpp(1799,54): warning C4244: 'argument' : conversion de 'int' en 'float', perte possible de données
C:\Users\USER\Desktop\finale\SFML\SFML\SFML.cpp(1799,50): warning C4244: 'argument' : conversion de 'int' en 'float', perte possible de données
C:\Users\USER\Desktop\finale\SFML\SFML\SFML.cpp(1801,59): warning C4244: '=' : conversion de 'const T' en 'int', perte possible de données
          with
          [
              T=float
          ]
C:\Users\USER\Desktop\finale\SFML\SFML\SFML.cpp(1802,59): warning C4244: '=' : conversion de 'const T' en 'int', perte possible de données
          with
          [
              T=float
          ]
C:\Users\USER\Desktop\finale\SFML\SFML\SFML.cpp(1803,68): warning C4244: 'argument' : conversion de 'int' en 'T', perte possible de données
          with
          [
              T=float
          ]
C:\Users\USER\Desktop\finale\SFML\SFML\SFML.cpp(1803,59): warning C4244: 'argument' : conversion de 'int' en 'T', perte possible de données
          with
          [
              T=float
          ]
C:\Users\USER\Desktop\finale\SFML\SFML\SFML.cpp(1804,58): warning C4244: '=' : conversion de 'const T' en 'int', perte possible de données
          with
          [
              T=float
          ]
C:\Users\USER\Desktop\finale\SFML\SFML\SFML.cpp(1805,58): warning C4244: '=' : conversion de 'const T' en 'int', perte possible de données
          with
          [
              T=float
          ]
C:\Users\USER\Desktop\finale\SFML\SFML\SFML.cpp(1806,69): warning C4244: 'argument' : conversion de 'int' en 'T', perte possible de données
          with
          [
              T=float
          ]
C:\Users\USER\Desktop\finale\SFML\SFML\SFML.cpp(1806,60): warning C4244: 'argument' : conversion de 'int' en 'T', perte possible de données
          with
          [
              T=float
          ]
C:\Users\USER\Desktop\finale\SFML\SFML\SFML.cpp(1811,64): warning C4244: '=' : conversion de 'const T' en 'int', perte possible de données
          with
          [
              T=float
          ]
C:\Users\USER\Desktop\finale\SFML\SFML\SFML.cpp(1812,64): warning C4244: '=' : conversion de 'const T' en 'int', perte possible de données
          with
          [
              T=float
          ]
C:\Users\USER\Desktop\finale\SFML\SFML\SFML.cpp(1813,79): warning C4244: 'argument' : conversion de 'int' en 'T', perte possible de données
          with
          [
              T=float
          ]
C:\Users\USER\Desktop\finale\SFML\SFML\SFML.cpp(1813,68): warning C4244: 'argument' : conversion de 'int' en 'T', perte possible de données
          with
          [
              T=float
          ]
C:\Users\USER\Desktop\finale\SFML\SFML\SFML.cpp(1841,65): warning C4244: '=' : conversion de 'const T' en 'int', perte possible de données
          with
          [
              T=float
          ]
C:\Users\USER\Desktop\finale\SFML\SFML\SFML.cpp(1842,65): warning C4244: '=' : conversion de 'const T' en 'int', perte possible de données
          with
          [
              T=float
          ]
C:\Users\USER\Desktop\finale\SFML\SFML\SFML.cpp(1843,79): warning C4244: 'argument' : conversion de 'int' en 'T', perte possible de données
          with
          [
              T=float
          ]
C:\Users\USER\Desktop\finale\SFML\SFML\SFML.cpp(1843,67): warning C4244: 'argument' : conversion de 'int' en 'T', perte possible de données
          with
          [
              T=float
          ]
C:\Users\USER\Desktop\finale\SFML\SFML\SFML.cpp(1878,54): warning C4244: 'argument' : conversion de 'int' en 'float', perte possible de données
C:\Users\USER\Desktop\finale\SFML\SFML\SFML.cpp(1878,50): warning C4244: 'argument' : conversion de 'int' en 'float', perte possible de données
C:\Users\USER\Desktop\finale\SFML\SFML\SFML.cpp(1880,59): warning C4244: '=' : conversion de 'const T' en 'int', perte possible de données
          with
          [
              T=float
          ]
C:\Users\USER\Desktop\finale\SFML\SFML\SFML.cpp(1881,59): warning C4244: '=' : conversion de 'const T' en 'int', perte possible de données
          with
          [
              T=float
          ]
C:\Users\USER\Desktop\finale\SFML\SFML\SFML.cpp(1882,68): warning C4244: 'argument' : conversion de 'int' en 'T', perte possible de données
          with
          [
              T=float
          ]
C:\Users\USER\Desktop\finale\SFML\SFML\SFML.cpp(1882,59): warning C4244: 'argument' : conversion de 'int' en 'T', perte possible de données
          with
          [
              T=float
          ]
C:\Users\USER\Desktop\finale\SFML\SFML\SFML.cpp(1883,58): warning C4244: '=' : conversion de 'const T' en 'int', perte possible de données
          with
          [
              T=float
          ]
C:\Users\USER\Desktop\finale\SFML\SFML\SFML.cpp(1884,58): warning C4244: '=' : conversion de 'const T' en 'int', perte possible de données
          with
          [
              T=float
          ]
C:\Users\USER\Desktop\finale\SFML\SFML\SFML.cpp(1885,69): warning C4244: 'argument' : conversion de 'int' en 'T', perte possible de données
          with
          [
              T=float
          ]
C:\Users\USER\Desktop\finale\SFML\SFML\SFML.cpp(1885,60): warning C4244: 'argument' : conversion de 'int' en 'T', perte possible de données
          with
          [
              T=float
          ]
C:\Users\USER\Desktop\finale\SFML\SFML\SFML.cpp(1897,64): warning C4244: '=' : conversion de 'const T' en 'int', perte possible de données
          with
          [
              T=float
          ]
C:\Users\USER\Desktop\finale\SFML\SFML\SFML.cpp(1898,64): warning C4244: '=' : conversion de 'const T' en 'int', perte possible de données
          with
          [
              T=float
          ]
C:\Users\USER\Desktop\finale\SFML\SFML\SFML.cpp(1899,79): warning C4244: 'argument' : conversion de 'int' en 'T', perte possible de données
          with
          [
              T=float
          ]
C:\Users\USER\Desktop\finale\SFML\SFML\SFML.cpp(1899,68): warning C4244: 'argument' : conversion de 'int' en 'T', perte possible de données
          with
          [
              T=float
          ]
C:\Users\USER\Desktop\finale\SFML\SFML\SFML.cpp(1925,65): warning C4244: '=' : conversion de 'const T' en 'int', perte possible de données
          with
          [
              T=float
          ]
C:\Users\USER\Desktop\finale\SFML\SFML\SFML.cpp(1926,65): warning C4244: '=' : conversion de 'const T' en 'int', perte possible de données
          with
          [
              T=float
          ]
C:\Users\USER\Desktop\finale\SFML\SFML\SFML.cpp(1927,79): warning C4244: 'argument' : conversion de 'int' en 'T', perte possible de données
          with
          [
              T=float
          ]
C:\Users\USER\Desktop\finale\SFML\SFML\SFML.cpp(1927,67): warning C4244: 'argument' : conversion de 'int' en 'T', perte possible de données
          with
          [
              T=float
          ]
  SFML.vcxproj -> C:\Users\USER\Desktop\finale\SFML\Debug\SFML.exe
